{"C:\\Proyecto\\Proyecto\\backend\\src\\config\\database.js": {"path":"C:\\Proyecto\\Proyecto\\backend\\src\\config\\database.js","statementMap":{"0":{"start":{"line":1,"column":17},"end":{"line":1,"column":30}},"1":{"start":{"line":2,"column":0},"end":{"line":2,"column":27}},"2":{"start":{"line":4,"column":13},"end":{"line":7,"column":2}},"3":{"start":{"line":9,"column":0},"end":{"line":11,"column":3}},"4":{"start":{"line":10,"column":2},"end":{"line":10,"column":59}},"5":{"start":{"line":13,"column":0},"end":{"line":16,"column":3}},"6":{"start":{"line":14,"column":2},"end":{"line":14,"column":67}},"7":{"start":{"line":15,"column":2},"end":{"line":15,"column":19}},"8":{"start":{"line":18,"column":0},"end":{"line":18,"column":22}}},"fnMap":{"0":{"name":"(anonymous_0)","decl":{"start":{"line":9,"column":19},"end":{"line":9,"column":20}},"loc":{"start":{"line":9,"column":25},"end":{"line":11,"column":1}},"line":9},"1":{"name":"(anonymous_1)","decl":{"start":{"line":13,"column":17},"end":{"line":13,"column":18}},"loc":{"start":{"line":13,"column":26},"end":{"line":16,"column":1}},"line":13}},"branchMap":{"0":{"loc":{"start":{"line":6,"column":7},"end":{"line":6,"column":84}},"type":"cond-expr","locations":[{"start":{"line":6,"column":47},"end":{"line":6,"column":76}},{"start":{"line":6,"column":79},"end":{"line":6,"column":84}}],"line":6}},"s":{"0":4,"1":4,"2":4,"3":4,"4":0,"5":4,"6":0,"7":0,"8":4},"f":{"0":0,"1":0},"b":{"0":[0,4]},"_coverageSchema":"1a1c01bbd47fc00a2c39e90264f33305004495a9","hash":"c191c15f9b17599ccabefc230f5c91d41ad24311"}
,"C:\\Proyecto\\Proyecto\\backend\\src\\config\\initDatabase.js": {"path":"C:\\Proyecto\\Proyecto\\backend\\src\\config\\initDatabase.js","statementMap":{"0":{"start":{"line":1,"column":13},"end":{"line":1,"column":34}},"1":{"start":{"line":3,"column":21},"end":{"line":95,"column":1}},"2":{"start":{"line":4,"column":17},"end":{"line":4,"column":37}},"3":{"start":{"line":6,"column":2},"end":{"line":94,"column":3}},"4":{"start":{"line":7,"column":4},"end":{"line":7,"column":32}},"5":{"start":{"line":10,"column":4},"end":{"line":21,"column":7}},"6":{"start":{"line":24,"column":4},"end":{"line":32,"column":7}},"7":{"start":{"line":35,"column":4},"end":{"line":44,"column":7}},"8":{"start":{"line":47,"column":4},"end":{"line":56,"column":7}},"9":{"start":{"line":59,"column":4},"end":{"line":68,"column":7}},"10":{"start":{"line":71,"column":4},"end":{"line":83,"column":7}},"11":{"start":{"line":85,"column":4},"end":{"line":85,"column":33}},"12":{"start":{"line":86,"column":4},"end":{"line":86,"column":62}},"13":{"start":{"line":87,"column":4},"end":{"line":87,"column":54}},"14":{"start":{"line":89,"column":4},"end":{"line":89,"column":35}},"15":{"start":{"line":90,"column":4},"end":{"line":90,"column":68}},"16":{"start":{"line":91,"column":4},"end":{"line":91,"column":16}},"17":{"start":{"line":93,"column":4},"end":{"line":93,"column":21}},"18":{"start":{"line":97,"column":0},"end":{"line":97,"column":30}}},"fnMap":{"0":{"name":"(anonymous_0)","decl":{"start":{"line":3,"column":21},"end":{"line":3,"column":22}},"loc":{"start":{"line":3,"column":33},"end":{"line":95,"column":1}},"line":3}},"branchMap":{},"s":{"0":2,"1":2,"2":2,"3":0,"4":0,"5":0,"6":0,"7":0,"8":0,"9":0,"10":0,"11":0,"12":0,"13":0,"14":0,"15":0,"16":0,"17":0,"18":2},"f":{"0":2},"b":{},"_coverageSchema":"1a1c01bbd47fc00a2c39e90264f33305004495a9","hash":"9bfe7f3eca708cd2c77e55e3b88495fdd990096d"}
,"C:\\Proyecto\\Proyecto\\backend\\src\\controllers\\cartController.js": {"path":"C:\\Proyecto\\Proyecto\\backend\\src\\controllers\\cartController.js","statementMap":{"0":{"start":{"line":1,"column":13},"end":{"line":1,"column":38}},"1":{"start":{"line":3,"column":23},"end":{"line":77,"column":1}},"2":{"start":{"line":5,"column":4},"end":{"line":12,"column":5}},"3":{"start":{"line":6,"column":21},"end":{"line":6,"column":43}},"4":{"start":{"line":7,"column":24},"end":{"line":7,"column":54}},"5":{"start":{"line":8,"column":20},"end":{"line":8,"column":47}},"6":{"start":{"line":9,"column":6},"end":{"line":9,"column":69}},"7":{"start":{"line":11,"column":6},"end":{"line":11,"column":71}},"8":{"start":{"line":16,"column":4},"end":{"line":28,"column":5}},"9":{"start":{"line":17,"column":21},"end":{"line":17,"column":41}},"10":{"start":{"line":18,"column":38},"end":{"line":18,"column":46}},"11":{"start":{"line":20,"column":6},"end":{"line":22,"column":7}},"12":{"start":{"line":21,"column":8},"end":{"line":21,"column":91}},"13":{"start":{"line":24,"column":19},"end":{"line":24,"column":71}},"14":{"start":{"line":25,"column":6},"end":{"line":25,"column":58}},"15":{"start":{"line":27,"column":6},"end":{"line":27,"column":71}},"16":{"start":{"line":32,"column":4},"end":{"line":50,"column":5}},"17":{"start":{"line":33,"column":21},"end":{"line":33,"column":41}},"18":{"start":{"line":34,"column":38},"end":{"line":34,"column":46}},"19":{"start":{"line":36,"column":6},"end":{"line":41,"column":7}},"20":{"start":{"line":37,"column":8},"end":{"line":40,"column":11}},"21":{"start":{"line":43,"column":19},"end":{"line":43,"column":73}},"22":{"start":{"line":44,"column":6},"end":{"line":46,"column":7}},"23":{"start":{"line":45,"column":8},"end":{"line":45,"column":87}},"24":{"start":{"line":47,"column":6},"end":{"line":47,"column":46}},"25":{"start":{"line":49,"column":6},"end":{"line":49,"column":71}},"26":{"start":{"line":54,"column":4},"end":{"line":65,"column":5}},"27":{"start":{"line":55,"column":21},"end":{"line":55,"column":41}},"28":{"start":{"line":56,"column":28},"end":{"line":56,"column":38}},"29":{"start":{"line":58,"column":19},"end":{"line":58,"column":59}},"30":{"start":{"line":59,"column":6},"end":{"line":61,"column":7}},"31":{"start":{"line":60,"column":8},"end":{"line":60,"column":87}},"32":{"start":{"line":62,"column":6},"end":{"line":62,"column":73}},"33":{"start":{"line":64,"column":6},"end":{"line":64,"column":71}},"34":{"start":{"line":69,"column":4},"end":{"line":75,"column":5}},"35":{"start":{"line":70,"column":21},"end":{"line":70,"column":43}},"36":{"start":{"line":71,"column":6},"end":{"line":71,"column":35}},"37":{"start":{"line":72,"column":6},"end":{"line":72,"column":76}},"38":{"start":{"line":74,"column":6},"end":{"line":74,"column":71}},"39":{"start":{"line":79,"column":0},"end":{"line":79,"column":32}}},"fnMap":{"0":{"name":"(anonymous_0)","decl":{"start":{"line":4,"column":2},"end":{"line":4,"column":3}},"loc":{"start":{"line":4,"column":26},"end":{"line":13,"column":3}},"line":4},"1":{"name":"(anonymous_1)","decl":{"start":{"line":15,"column":2},"end":{"line":15,"column":3}},"loc":{"start":{"line":15,"column":26},"end":{"line":29,"column":3}},"line":15},"2":{"name":"(anonymous_2)","decl":{"start":{"line":31,"column":2},"end":{"line":31,"column":3}},"loc":{"start":{"line":31,"column":33},"end":{"line":51,"column":3}},"line":31},"3":{"name":"(anonymous_3)","decl":{"start":{"line":53,"column":2},"end":{"line":53,"column":3}},"loc":{"start":{"line":53,"column":29},"end":{"line":66,"column":3}},"line":53},"4":{"name":"(anonymous_4)","decl":{"start":{"line":68,"column":2},"end":{"line":68,"column":3}},"loc":{"start":{"line":68,"column":28},"end":{"line":76,"column":3}},"line":68}},"branchMap":{"0":{"loc":{"start":{"line":6,"column":21},"end":{"line":6,"column":43}},"type":"binary-expr","locations":[{"start":{"line":6,"column":21},"end":{"line":6,"column":38}},{"start":{"line":6,"column":42},"end":{"line":6,"column":43}}],"line":6},"1":{"loc":{"start":{"line":17,"column":21},"end":{"line":17,"column":41}},"type":"binary-expr","locations":[{"start":{"line":17,"column":21},"end":{"line":17,"column":36}},{"start":{"line":17,"column":40},"end":{"line":17,"column":41}}],"line":17},"2":{"loc":{"start":{"line":20,"column":6},"end":{"line":22,"column":7}},"type":"if","locations":[{"start":{"line":20,"column":6},"end":{"line":22,"column":7}},{"start":{},"end":{}}],"line":20},"3":{"loc":{"start":{"line":24,"column":57},"end":{"line":24,"column":70}},"type":"binary-expr","locations":[{"start":{"line":24,"column":57},"end":{"line":24,"column":65}},{"start":{"line":24,"column":69},"end":{"line":24,"column":70}}],"line":24},"4":{"loc":{"start":{"line":33,"column":21},"end":{"line":33,"column":41}},"type":"binary-expr","locations":[{"start":{"line":33,"column":21},"end":{"line":33,"column":36}},{"start":{"line":33,"column":40},"end":{"line":33,"column":41}}],"line":33},"5":{"loc":{"start":{"line":36,"column":6},"end":{"line":41,"column":7}},"type":"if","locations":[{"start":{"line":36,"column":6},"end":{"line":41,"column":7}},{"start":{},"end":{}}],"line":36},"6":{"loc":{"start":{"line":36,"column":10},"end":{"line":36,"column":33}},"type":"binary-expr","locations":[{"start":{"line":36,"column":10},"end":{"line":36,"column":20}},{"start":{"line":36,"column":24},"end":{"line":36,"column":33}}],"line":36},"7":{"loc":{"start":{"line":44,"column":6},"end":{"line":46,"column":7}},"type":"if","locations":[{"start":{"line":44,"column":6},"end":{"line":46,"column":7}},{"start":{},"end":{}}],"line":44},"8":{"loc":{"start":{"line":55,"column":21},"end":{"line":55,"column":41}},"type":"binary-expr","locations":[{"start":{"line":55,"column":21},"end":{"line":55,"column":36}},{"start":{"line":55,"column":40},"end":{"line":55,"column":41}}],"line":55},"9":{"loc":{"start":{"line":59,"column":6},"end":{"line":61,"column":7}},"type":"if","locations":[{"start":{"line":59,"column":6},"end":{"line":61,"column":7}},{"start":{},"end":{}}],"line":59},"10":{"loc":{"start":{"line":70,"column":21},"end":{"line":70,"column":43}},"type":"binary-expr","locations":[{"start":{"line":70,"column":21},"end":{"line":70,"column":38}},{"start":{"line":70,"column":42},"end":{"line":70,"column":43}}],"line":70}},"s":{"0":2,"1":2,"2":1,"3":1,"4":1,"5":1,"6":1,"7":0,"8":2,"9":2,"10":2,"11":2,"12":1,"13":1,"14":1,"15":0,"16":2,"17":2,"18":2,"19":2,"20":1,"21":1,"22":1,"23":0,"24":1,"25":0,"26":1,"27":1,"28":1,"29":1,"30":1,"31":0,"32":1,"33":0,"34":1,"35":1,"36":1,"37":1,"38":0,"39":2},"f":{"0":1,"1":2,"2":2,"3":1,"4":1},"b":{"0":[1,0],"1":[2,1],"2":[1,1],"3":[1,0],"4":[2,1],"5":[1,1],"6":[2,2],"7":[0,1],"8":[1,1],"9":[0,1],"10":[1,0]},"_coverageSchema":"1a1c01bbd47fc00a2c39e90264f33305004495a9","hash":"f742d105c7ebf65628c0fc918c3a6b5109f546fa"}
,"C:\\Proyecto\\Proyecto\\backend\\src\\controllers\\orderController.js": {"path":"C:\\Proyecto\\Proyecto\\backend\\src\\controllers\\orderController.js","statementMap":{"0":{"start":{"line":1,"column":14},"end":{"line":1,"column":40}},"1":{"start":{"line":2,"column":13},"end":{"line":2,"column":38}},"2":{"start":{"line":4,"column":24},"end":{"line":87,"column":1}},"3":{"start":{"line":6,"column":4},"end":{"line":41,"column":5}},"4":{"start":{"line":7,"column":21},"end":{"line":7,"column":41}},"5":{"start":{"line":8,"column":34},"end":{"line":8,"column":42}},"6":{"start":{"line":10,"column":6},"end":{"line":15,"column":7}},"7":{"start":{"line":11,"column":8},"end":{"line":14,"column":11}},"8":{"start":{"line":18,"column":24},"end":{"line":18,"column":54}},"9":{"start":{"line":20,"column":6},"end":{"line":25,"column":7}},"10":{"start":{"line":21,"column":8},"end":{"line":24,"column":11}},"11":{"start":{"line":28,"column":20},"end":{"line":30,"column":11}},"12":{"start":{"line":29,"column":8},"end":{"line":29,"column":62}},"13":{"start":{"line":33,"column":20},"end":{"line":33,"column":81}},"14":{"start":{"line":36,"column":6},"end":{"line":36,"column":35}},"15":{"start":{"line":38,"column":6},"end":{"line":38,"column":59}},"16":{"start":{"line":40,"column":6},"end":{"line":40,"column":71}},"17":{"start":{"line":45,"column":4},"end":{"line":53,"column":5}},"18":{"start":{"line":46,"column":20},"end":{"line":46,"column":54}},"19":{"start":{"line":47,"column":6},"end":{"line":49,"column":7}},"20":{"start":{"line":48,"column":8},"end":{"line":48,"column":88}},"21":{"start":{"line":50,"column":6},"end":{"line":50,"column":47}},"22":{"start":{"line":52,"column":6},"end":{"line":52,"column":71}},"23":{"start":{"line":57,"column":4},"end":{"line":63,"column":5}},"24":{"start":{"line":58,"column":21},"end":{"line":58,"column":43}},"25":{"start":{"line":59,"column":21},"end":{"line":59,"column":52}},"26":{"start":{"line":60,"column":6},"end":{"line":60,"column":48}},"27":{"start":{"line":62,"column":6},"end":{"line":62,"column":71}},"28":{"start":{"line":67,"column":4},"end":{"line":72,"column":5}},"29":{"start":{"line":68,"column":21},"end":{"line":68,"column":41}},"30":{"start":{"line":69,"column":6},"end":{"line":69,"column":48}},"31":{"start":{"line":71,"column":6},"end":{"line":71,"column":71}},"32":{"start":{"line":76,"column":4},"end":{"line":85,"column":5}},"33":{"start":{"line":77,"column":25},"end":{"line":77,"column":33}},"34":{"start":{"line":78,"column":20},"end":{"line":78,"column":67}},"35":{"start":{"line":79,"column":6},"end":{"line":81,"column":7}},"36":{"start":{"line":80,"column":8},"end":{"line":80,"column":88}},"37":{"start":{"line":82,"column":6},"end":{"line":82,"column":47}},"38":{"start":{"line":84,"column":6},"end":{"line":84,"column":71}},"39":{"start":{"line":89,"column":0},"end":{"line":89,"column":33}}},"fnMap":{"0":{"name":"(anonymous_0)","decl":{"start":{"line":5,"column":2},"end":{"line":5,"column":3}},"loc":{"start":{"line":5,"column":30},"end":{"line":42,"column":3}},"line":5},"1":{"name":"(anonymous_1)","decl":{"start":{"line":28,"column":37},"end":{"line":28,"column":38}},"loc":{"start":{"line":28,"column":52},"end":{"line":30,"column":7}},"line":28},"2":{"name":"(anonymous_2)","decl":{"start":{"line":44,"column":2},"end":{"line":44,"column":3}},"loc":{"start":{"line":44,"column":31},"end":{"line":54,"column":3}},"line":44},"3":{"name":"(anonymous_3)","decl":{"start":{"line":56,"column":2},"end":{"line":56,"column":3}},"loc":{"start":{"line":56,"column":32},"end":{"line":64,"column":3}},"line":56},"4":{"name":"(anonymous_4)","decl":{"start":{"line":66,"column":2},"end":{"line":66,"column":3}},"loc":{"start":{"line":66,"column":31},"end":{"line":73,"column":3}},"line":66},"5":{"name":"(anonymous_5)","decl":{"start":{"line":75,"column":2},"end":{"line":75,"column":3}},"loc":{"start":{"line":75,"column":36},"end":{"line":86,"column":3}},"line":75}},"branchMap":{"0":{"loc":{"start":{"line":7,"column":21},"end":{"line":7,"column":41}},"type":"binary-expr","locations":[{"start":{"line":7,"column":21},"end":{"line":7,"column":36}},{"start":{"line":7,"column":40},"end":{"line":7,"column":41}}],"line":7},"1":{"loc":{"start":{"line":10,"column":6},"end":{"line":15,"column":7}},"type":"if","locations":[{"start":{"line":10,"column":6},"end":{"line":15,"column":7}},{"start":{},"end":{}}],"line":10},"2":{"loc":{"start":{"line":20,"column":6},"end":{"line":25,"column":7}},"type":"if","locations":[{"start":{"line":20,"column":6},"end":{"line":25,"column":7}},{"start":{},"end":{}}],"line":20},"3":{"loc":{"start":{"line":47,"column":6},"end":{"line":49,"column":7}},"type":"if","locations":[{"start":{"line":47,"column":6},"end":{"line":49,"column":7}},{"start":{},"end":{}}],"line":47},"4":{"loc":{"start":{"line":58,"column":21},"end":{"line":58,"column":43}},"type":"binary-expr","locations":[{"start":{"line":58,"column":21},"end":{"line":58,"column":38}},{"start":{"line":58,"column":42},"end":{"line":58,"column":43}}],"line":58},"5":{"loc":{"start":{"line":79,"column":6},"end":{"line":81,"column":7}},"type":"if","locations":[{"start":{"line":79,"column":6},"end":{"line":81,"column":7}},{"start":{},"end":{}}],"line":79}},"s":{"0":2,"1":2,"2":2,"3":0,"4":0,"5":0,"6":0,"7":0,"8":0,"9":0,"10":0,"11":0,"12":0,"13":0,"14":0,"15":0,"16":0,"17":0,"18":0,"19":0,"20":0,"21":0,"22":0,"23":0,"24":0,"25":0,"26":0,"27":0,"28":0,"29":0,"30":0,"31":0,"32":0,"33":0,"34":0,"35":0,"36":0,"37":0,"38":0,"39":2},"f":{"0":0,"1":0,"2":0,"3":0,"4":0,"5":0},"b":{"0":[0,0],"1":[0,0],"2":[0,0],"3":[0,0],"4":[0,0],"5":[0,0]},"_coverageSchema":"1a1c01bbd47fc00a2c39e90264f33305004495a9","hash":"bcb3d1eac2859aeca02dc46cee3d629154981f66"}
,"C:\\Proyecto\\Proyecto\\backend\\src\\controllers\\productController.js": {"path":"C:\\Proyecto\\Proyecto\\backend\\src\\controllers\\productController.js","statementMap":{"0":{"start":{"line":1,"column":16},"end":{"line":1,"column":44}},"1":{"start":{"line":3,"column":26},"end":{"line":66,"column":1}},"2":{"start":{"line":5,"column":4},"end":{"line":10,"column":5}},"3":{"start":{"line":6,"column":23},"end":{"line":6,"column":45}},"4":{"start":{"line":7,"column":6},"end":{"line":7,"column":50}},"5":{"start":{"line":9,"column":6},"end":{"line":9,"column":71}},"6":{"start":{"line":14,"column":4},"end":{"line":22,"column":5}},"7":{"start":{"line":15,"column":22},"end":{"line":15,"column":58}},"8":{"start":{"line":16,"column":6},"end":{"line":18,"column":7}},"9":{"start":{"line":17,"column":8},"end":{"line":17,"column":91}},"10":{"start":{"line":19,"column":6},"end":{"line":19,"column":49}},"11":{"start":{"line":21,"column":6},"end":{"line":21,"column":71}},"12":{"start":{"line":26,"column":4},"end":{"line":31,"column":5}},"13":{"start":{"line":27,"column":23},"end":{"line":27,"column":71}},"14":{"start":{"line":28,"column":6},"end":{"line":28,"column":50}},"15":{"start":{"line":30,"column":6},"end":{"line":30,"column":71}},"16":{"start":{"line":35,"column":4},"end":{"line":40,"column":5}},"17":{"start":{"line":36,"column":22},"end":{"line":36,"column":52}},"18":{"start":{"line":37,"column":6},"end":{"line":37,"column":61}},"19":{"start":{"line":39,"column":6},"end":{"line":39,"column":71}},"20":{"start":{"line":44,"column":4},"end":{"line":52,"column":5}},"21":{"start":{"line":45,"column":22},"end":{"line":45,"column":67}},"22":{"start":{"line":46,"column":6},"end":{"line":48,"column":7}},"23":{"start":{"line":47,"column":8},"end":{"line":47,"column":91}},"24":{"start":{"line":49,"column":6},"end":{"line":49,"column":49}},"25":{"start":{"line":51,"column":6},"end":{"line":51,"column":71}},"26":{"start":{"line":56,"column":4},"end":{"line":64,"column":5}},"27":{"start":{"line":57,"column":22},"end":{"line":57,"column":57}},"28":{"start":{"line":58,"column":6},"end":{"line":60,"column":7}},"29":{"start":{"line":59,"column":8},"end":{"line":59,"column":91}},"30":{"start":{"line":61,"column":6},"end":{"line":61,"column":79}},"31":{"start":{"line":63,"column":6},"end":{"line":63,"column":71}},"32":{"start":{"line":68,"column":0},"end":{"line":68,"column":35}}},"fnMap":{"0":{"name":"(anonymous_0)","decl":{"start":{"line":4,"column":2},"end":{"line":4,"column":3}},"loc":{"start":{"line":4,"column":33},"end":{"line":11,"column":3}},"line":4},"1":{"name":"(anonymous_1)","decl":{"start":{"line":13,"column":2},"end":{"line":13,"column":3}},"loc":{"start":{"line":13,"column":33},"end":{"line":23,"column":3}},"line":13},"2":{"name":"(anonymous_2)","decl":{"start":{"line":25,"column":2},"end":{"line":25,"column":3}},"loc":{"start":{"line":25,"column":40},"end":{"line":32,"column":3}},"line":25},"3":{"name":"(anonymous_3)","decl":{"start":{"line":34,"column":2},"end":{"line":34,"column":3}},"loc":{"start":{"line":34,"column":32},"end":{"line":41,"column":3}},"line":34},"4":{"name":"(anonymous_4)","decl":{"start":{"line":43,"column":2},"end":{"line":43,"column":3}},"loc":{"start":{"line":43,"column":32},"end":{"line":53,"column":3}},"line":43},"5":{"name":"(anonymous_5)","decl":{"start":{"line":55,"column":2},"end":{"line":55,"column":3}},"loc":{"start":{"line":55,"column":32},"end":{"line":65,"column":3}},"line":55}},"branchMap":{"0":{"loc":{"start":{"line":16,"column":6},"end":{"line":18,"column":7}},"type":"if","locations":[{"start":{"line":16,"column":6},"end":{"line":18,"column":7}},{"start":{},"end":{}}],"line":16},"1":{"loc":{"start":{"line":46,"column":6},"end":{"line":48,"column":7}},"type":"if","locations":[{"start":{"line":46,"column":6},"end":{"line":48,"column":7}},{"start":{},"end":{}}],"line":46},"2":{"loc":{"start":{"line":58,"column":6},"end":{"line":60,"column":7}},"type":"if","locations":[{"start":{"line":58,"column":6},"end":{"line":60,"column":7}},{"start":{},"end":{}}],"line":58}},"s":{"0":2,"1":2,"2":2,"3":2,"4":1,"5":1,"6":2,"7":2,"8":2,"9":1,"10":1,"11":0,"12":0,"13":0,"14":0,"15":0,"16":1,"17":1,"18":1,"19":0,"20":1,"21":1,"22":1,"23":0,"24":1,"25":0,"26":1,"27":1,"28":1,"29":0,"30":1,"31":0,"32":2},"f":{"0":2,"1":2,"2":0,"3":1,"4":1,"5":1},"b":{"0":[1,1],"1":[0,1],"2":[0,1]},"_coverageSchema":"1a1c01bbd47fc00a2c39e90264f33305004495a9","hash":"76152b5e81068246de6b3ae9c886992c130eb333"}
,"C:\\Proyecto\\Proyecto\\backend\\src\\models\\Cart.js": {"path":"C:\\Proyecto\\Proyecto\\backend\\src\\models\\Cart.js","statementMap":{"0":{"start":{"line":1,"column":13},"end":{"line":1,"column":42}},"1":{"start":{"line":5,"column":19},"end":{"line":12,"column":5}},"2":{"start":{"line":13,"column":4},"end":{"line":13,"column":23}},"3":{"start":{"line":17,"column":19},"end":{"line":24,"column":5}},"4":{"start":{"line":25,"column":4},"end":{"line":25,"column":26}},"5":{"start":{"line":29,"column":19},"end":{"line":35,"column":5}},"6":{"start":{"line":36,"column":4},"end":{"line":36,"column":26}},"7":{"start":{"line":40,"column":19},"end":{"line":43,"column":5}},"8":{"start":{"line":44,"column":4},"end":{"line":44,"column":26}},"9":{"start":{"line":48,"column":19},"end":{"line":51,"column":5}},"10":{"start":{"line":52,"column":4},"end":{"line":52,"column":27}},"11":{"start":{"line":56,"column":19},"end":{"line":62,"column":5}},"12":{"start":{"line":63,"column":4},"end":{"line":63,"column":49}},"13":{"start":{"line":67,"column":0},"end":{"line":67,"column":22}}},"fnMap":{"0":{"name":"(anonymous_0)","decl":{"start":{"line":4,"column":2},"end":{"line":4,"column":3}},"loc":{"start":{"line":4,"column":35},"end":{"line":14,"column":3}},"line":4},"1":{"name":"(anonymous_1)","decl":{"start":{"line":16,"column":2},"end":{"line":16,"column":3}},"loc":{"start":{"line":16,"column":56},"end":{"line":26,"column":3}},"line":16},"2":{"name":"(anonymous_2)","decl":{"start":{"line":28,"column":2},"end":{"line":28,"column":3}},"loc":{"start":{"line":28,"column":59},"end":{"line":37,"column":3}},"line":28},"3":{"name":"(anonymous_3)","decl":{"start":{"line":39,"column":2},"end":{"line":39,"column":3}},"loc":{"start":{"line":39,"column":45},"end":{"line":45,"column":3}},"line":39},"4":{"name":"(anonymous_4)","decl":{"start":{"line":47,"column":2},"end":{"line":47,"column":3}},"loc":{"start":{"line":47,"column":33},"end":{"line":53,"column":3}},"line":47},"5":{"name":"(anonymous_5)","decl":{"start":{"line":55,"column":2},"end":{"line":55,"column":3}},"loc":{"start":{"line":55,"column":32},"end":{"line":64,"column":3}},"line":55}},"branchMap":{"0":{"loc":{"start":{"line":16,"column":42},"end":{"line":16,"column":54}},"type":"default-arg","locations":[{"start":{"line":16,"column":53},"end":{"line":16,"column":54}}],"line":16},"1":{"loc":{"start":{"line":63,"column":11},"end":{"line":63,"column":48}},"type":"binary-expr","locations":[{"start":{"line":63,"column":11},"end":{"line":63,"column":43}},{"start":{"line":63,"column":47},"end":{"line":63,"column":48}}],"line":63}},"s":{"0":2,"1":0,"2":0,"3":0,"4":0,"5":0,"6":0,"7":0,"8":0,"9":0,"10":0,"11":0,"12":0,"13":2},"f":{"0":0,"1":0,"2":0,"3":0,"4":0,"5":0},"b":{"0":[0],"1":[0,0]},"_coverageSchema":"1a1c01bbd47fc00a2c39e90264f33305004495a9","hash":"ad7fe9242a9c5b6026c8fc069ed0c66784f700d2"}
,"C:\\Proyecto\\Proyecto\\backend\\src\\models\\Order.js": {"path":"C:\\Proyecto\\Proyecto\\backend\\src\\models\\Order.js","statementMap":{"0":{"start":{"line":1,"column":13},"end":{"line":1,"column":42}},"1":{"start":{"line":5,"column":19},"end":{"line":5,"column":39}},"2":{"start":{"line":7,"column":4},"end":{"line":41,"column":5}},"3":{"start":{"line":8,"column":6},"end":{"line":8,"column":34}},"4":{"start":{"line":11,"column":26},"end":{"line":16,"column":7}},"5":{"start":{"line":17,"column":20},"end":{"line":17,"column":39}},"6":{"start":{"line":20,"column":6},"end":{"line":32,"column":7}},"7":{"start":{"line":21,"column":8},"end":{"line":25,"column":10}},"8":{"start":{"line":28,"column":8},"end":{"line":31,"column":10}},"9":{"start":{"line":34,"column":6},"end":{"line":34,"column":35}},"10":{"start":{"line":35,"column":6},"end":{"line":35,"column":19}},"11":{"start":{"line":37,"column":6},"end":{"line":37,"column":37}},"12":{"start":{"line":38,"column":6},"end":{"line":38,"column":18}},"13":{"start":{"line":40,"column":6},"end":{"line":40,"column":23}},"14":{"start":{"line":45,"column":24},"end":{"line":48,"column":5}},"15":{"start":{"line":50,"column":4},"end":{"line":50,"column":51}},"16":{"start":{"line":50,"column":39},"end":{"line":50,"column":51}},"17":{"start":{"line":52,"column":18},"end":{"line":52,"column":37}},"18":{"start":{"line":54,"column":24},"end":{"line":60,"column":5}},"19":{"start":{"line":62,"column":4},"end":{"line":62,"column":35}},"20":{"start":{"line":63,"column":4},"end":{"line":63,"column":17}},"21":{"start":{"line":67,"column":19},"end":{"line":70,"column":5}},"22":{"start":{"line":71,"column":4},"end":{"line":71,"column":23}},"23":{"start":{"line":75,"column":19},"end":{"line":78,"column":5}},"24":{"start":{"line":79,"column":4},"end":{"line":79,"column":26}},"25":{"start":{"line":83,"column":19},"end":{"line":85,"column":5}},"26":{"start":{"line":86,"column":4},"end":{"line":86,"column":23}},"27":{"start":{"line":90,"column":0},"end":{"line":90,"column":23}}},"fnMap":{"0":{"name":"(anonymous_0)","decl":{"start":{"line":4,"column":2},"end":{"line":4,"column":3}},"loc":{"start":{"line":4,"column":61},"end":{"line":42,"column":3}},"line":4},"1":{"name":"(anonymous_1)","decl":{"start":{"line":44,"column":2},"end":{"line":44,"column":3}},"loc":{"start":{"line":44,"column":27},"end":{"line":64,"column":3}},"line":44},"2":{"name":"(anonymous_2)","decl":{"start":{"line":66,"column":2},"end":{"line":66,"column":3}},"loc":{"start":{"line":66,"column":35},"end":{"line":72,"column":3}},"line":66},"3":{"name":"(anonymous_3)","decl":{"start":{"line":74,"column":2},"end":{"line":74,"column":3}},"loc":{"start":{"line":74,"column":40},"end":{"line":80,"column":3}},"line":74},"4":{"name":"(anonymous_4)","decl":{"start":{"line":82,"column":2},"end":{"line":82,"column":3}},"loc":{"start":{"line":82,"column":24},"end":{"line":87,"column":3}},"line":82}},"branchMap":{"0":{"loc":{"start":{"line":50,"column":4},"end":{"line":50,"column":51}},"type":"if","locations":[{"start":{"line":50,"column":4},"end":{"line":50,"column":51}},{"start":{},"end":{}}],"line":50}},"s":{"0":2,"1":0,"2":0,"3":0,"4":0,"5":0,"6":0,"7":0,"8":0,"9":0,"10":0,"11":0,"12":0,"13":0,"14":0,"15":0,"16":0,"17":0,"18":0,"19":0,"20":0,"21":0,"22":0,"23":0,"24":0,"25":0,"26":0,"27":2},"f":{"0":0,"1":0,"2":0,"3":0,"4":0},"b":{"0":[0,0]},"_coverageSchema":"1a1c01bbd47fc00a2c39e90264f33305004495a9","hash":"c3a285bb70d49e923576edb4f6ffe21819c61079"}
,"C:\\Proyecto\\Proyecto\\backend\\src\\models\\Product.js": {"path":"C:\\Proyecto\\Proyecto\\backend\\src\\models\\Product.js","statementMap":{"0":{"start":{"line":1,"column":13},"end":{"line":1,"column":42}},"1":{"start":{"line":5,"column":19},"end":{"line":7,"column":5}},"2":{"start":{"line":8,"column":4},"end":{"line":8,"column":23}},"3":{"start":{"line":12,"column":19},"end":{"line":15,"column":5}},"4":{"start":{"line":16,"column":4},"end":{"line":16,"column":26}},"5":{"start":{"line":20,"column":19},"end":{"line":23,"column":5}},"6":{"start":{"line":24,"column":4},"end":{"line":24,"column":23}},"7":{"start":{"line":28,"column":69},"end":{"line":28,"column":80}},"8":{"start":{"line":29,"column":19},"end":{"line":34,"column":5}},"9":{"start":{"line":35,"column":4},"end":{"line":35,"column":26}},"10":{"start":{"line":39,"column":69},"end":{"line":39,"column":80}},"11":{"start":{"line":40,"column":19},"end":{"line":46,"column":5}},"12":{"start":{"line":47,"column":4},"end":{"line":47,"column":26}},"13":{"start":{"line":51,"column":19},"end":{"line":54,"column":5}},"14":{"start":{"line":55,"column":4},"end":{"line":55,"column":26}},"15":{"start":{"line":59,"column":19},"end":{"line":62,"column":5}},"16":{"start":{"line":63,"column":4},"end":{"line":63,"column":26}},"17":{"start":{"line":67,"column":0},"end":{"line":67,"column":25}}},"fnMap":{"0":{"name":"(anonymous_0)","decl":{"start":{"line":4,"column":2},"end":{"line":4,"column":3}},"loc":{"start":{"line":4,"column":24},"end":{"line":9,"column":3}},"line":4},"1":{"name":"(anonymous_1)","decl":{"start":{"line":11,"column":2},"end":{"line":11,"column":3}},"loc":{"start":{"line":11,"column":27},"end":{"line":17,"column":3}},"line":11},"2":{"name":"(anonymous_2)","decl":{"start":{"line":19,"column":2},"end":{"line":19,"column":3}},"loc":{"start":{"line":19,"column":39},"end":{"line":25,"column":3}},"line":19},"3":{"name":"(anonymous_3)","decl":{"start":{"line":27,"column":2},"end":{"line":27,"column":3}},"loc":{"start":{"line":27,"column":35},"end":{"line":36,"column":3}},"line":27},"4":{"name":"(anonymous_4)","decl":{"start":{"line":38,"column":2},"end":{"line":38,"column":3}},"loc":{"start":{"line":38,"column":39},"end":{"line":48,"column":3}},"line":38},"5":{"name":"(anonymous_5)","decl":{"start":{"line":50,"column":2},"end":{"line":50,"column":3}},"loc":{"start":{"line":50,"column":26},"end":{"line":56,"column":3}},"line":50},"6":{"name":"(anonymous_6)","decl":{"start":{"line":58,"column":2},"end":{"line":58,"column":3}},"loc":{"start":{"line":58,"column":41},"end":{"line":64,"column":3}},"line":58}},"branchMap":{},"s":{"0":2,"1":0,"2":0,"3":0,"4":0,"5":0,"6":0,"7":0,"8":0,"9":0,"10":0,"11":0,"12":0,"13":0,"14":0,"15":0,"16":0,"17":2},"f":{"0":0,"1":0,"2":0,"3":0,"4":0,"5":0,"6":0},"b":{},"_coverageSchema":"1a1c01bbd47fc00a2c39e90264f33305004495a9","hash":"513634766a4435762f12c73309a8af906fcf9381"}
,"C:\\Proyecto\\Proyecto\\backend\\src\\routes\\cartRoutes.js": {"path":"C:\\Proyecto\\Proyecto\\backend\\src\\routes\\cartRoutes.js","statementMap":{"0":{"start":{"line":1,"column":16},"end":{"line":1,"column":34}},"1":{"start":{"line":2,"column":15},"end":{"line":2,"column":31}},"2":{"start":{"line":3,"column":23},"end":{"line":3,"column":63}},"3":{"start":{"line":5,"column":0},"end":{"line":5,"column":48}},"4":{"start":{"line":6,"column":0},"end":{"line":6,"column":44}},"5":{"start":{"line":7,"column":0},"end":{"line":7,"column":53}},"6":{"start":{"line":8,"column":0},"end":{"line":8,"column":63}},"7":{"start":{"line":9,"column":0},"end":{"line":9,"column":59}},"8":{"start":{"line":11,"column":0},"end":{"line":11,"column":24}}},"fnMap":{},"branchMap":{},"s":{"0":2,"1":2,"2":2,"3":2,"4":2,"5":2,"6":2,"7":2,"8":2},"f":{},"b":{},"_coverageSchema":"1a1c01bbd47fc00a2c39e90264f33305004495a9","hash":"cf81b1b7bbd2b56b60528775903a1f5efe1a7cf8"}
,"C:\\Proyecto\\Proyecto\\backend\\src\\routes\\orderRoutes.js": {"path":"C:\\Proyecto\\Proyecto\\backend\\src\\routes\\orderRoutes.js","statementMap":{"0":{"start":{"line":1,"column":16},"end":{"line":1,"column":34}},"1":{"start":{"line":2,"column":15},"end":{"line":2,"column":31}},"2":{"start":{"line":3,"column":24},"end":{"line":3,"column":65}},"3":{"start":{"line":5,"column":0},"end":{"line":5,"column":46}},"4":{"start":{"line":6,"column":0},"end":{"line":6,"column":46}},"5":{"start":{"line":7,"column":0},"end":{"line":7,"column":49}},"6":{"start":{"line":8,"column":0},"end":{"line":8,"column":59}},"7":{"start":{"line":9,"column":0},"end":{"line":9,"column":61}},"8":{"start":{"line":11,"column":0},"end":{"line":11,"column":24}}},"fnMap":{},"branchMap":{},"s":{"0":2,"1":2,"2":2,"3":2,"4":2,"5":2,"6":2,"7":2,"8":2},"f":{},"b":{},"_coverageSchema":"1a1c01bbd47fc00a2c39e90264f33305004495a9","hash":"6bfbf5c7dfef51d22fe9955c0ea8e2c6ca4f3160"}
,"C:\\Proyecto\\Proyecto\\backend\\src\\routes\\productRoutes.js": {"path":"C:\\Proyecto\\Proyecto\\backend\\src\\routes\\productRoutes.js","statementMap":{"0":{"start":{"line":1,"column":16},"end":{"line":1,"column":34}},"1":{"start":{"line":2,"column":15},"end":{"line":2,"column":31}},"2":{"start":{"line":3,"column":26},"end":{"line":3,"column":69}},"3":{"start":{"line":5,"column":0},"end":{"line":5,"column":50}},"4":{"start":{"line":6,"column":0},"end":{"line":6,"column":53}},"5":{"start":{"line":7,"column":0},"end":{"line":7,"column":75}},"6":{"start":{"line":8,"column":0},"end":{"line":8,"column":50}},"7":{"start":{"line":9,"column":0},"end":{"line":9,"column":52}},"8":{"start":{"line":10,"column":0},"end":{"line":10,"column":55}},"9":{"start":{"line":12,"column":0},"end":{"line":12,"column":24}}},"fnMap":{},"branchMap":{},"s":{"0":2,"1":2,"2":2,"3":2,"4":2,"5":2,"6":2,"7":2,"8":2,"9":2},"f":{},"b":{},"_coverageSchema":"1a1c01bbd47fc00a2c39e90264f33305004495a9","hash":"c1220af5e8a885546514ca039eb4a6824d8f989f"}
}
